<?xml version='1.0' encoding='UTF-8'?>
<testsuite hostname="Vinay" name="followers.FollowersSuite" tests="18" errors="0" failures="5" skipped="0" time="22.224" timestamp="2019-03-28T21:42:43">
                     <properties>
[...]
</properties>
                     <testcase classname="followers.FollowersSuite" name="reframedFlow: chunks containing exactly one message should pass through" time="1.312">
                                                 
                                               </testcase><testcase classname="followers.FollowersSuite" name="reframedFlow: chunks containing fragments of messages should be re-assembled" time="1.016">
                                                 
                                               </testcase><testcase classname="followers.FollowersSuite" name="reframedFlow: reject an input stream that is completed in the middle of a frame" time="0.015">
                                                 
                                               </testcase><testcase classname="followers.FollowersSuite" name="eventParserFlow: successfully parse events" time="1.016">
                                                 
                                               </testcase><testcase classname="followers.FollowersSuite" name="reintroduceOrdering: pass through a sorted stream directly" time="1.094">
                                                 <failure message="Vector(Broadcast(1), Broadcast(2), Broadcast(3), Broadcast(4), Broadcast(5), Broadcast(6), Broadcast(7), Broadcast(8), Broadcast(9), Broadcast(10), Broadcast(11), Broadcast(12), Broadcast(13), Broadcast(14), Broadcast(15), Broadcast(16), Broadcast(17), Broadcast(18), Broadcast(19), Broadcast(20), Broadcast(21), Broadcast(22), Broadcast(23), Broadcast(24), Broadcast(25), Broadcast(26), Broadcast(27), Broadcast(28), Broadcast(29), Broadcast(30), Broadcast(31), Broadcast(32), Broadcast(33), Broadcast(34), Broadcast(35), Broadcast(36), Broadcast(37), Broadcast(38), Broadcast(39), Broadcast(40), Broadcast(41), Broadcast(42), Broadcast(43), Broadcast(44), Broadcast(45), Broadcast(46), Broadcast(47), Broadcast(48), Broadcast(49), Broadcast(50), Broadcast(51), Broadcast(52), Broadcast(53)) did not equal List(Broadcast(1), Broadcast(2), Broadcast(3), Broadcast(4), Broadcast(5), Broadcast(6), Broadcast(7), Broadcast(8), Broadcast(9), Broadcast(10), Broadcast(11), Broadcast(12), Broadcast(13), Broadcast(14), Broadcast(15), Broadcast(16), Broadcast(17), Broadcast(18), Broadcast(19), Broadcast(20), Broadcast(21), Broadcast(22), Broadcast(23), Broadcast(24), Broadcast(25), Broadcast(26), Broadcast(27), Broadcast(28), Broadcast(29), Broadcast(30), Broadcast(31), Broadcast(32), Broadcast(33), Broadcast(34), Broadcast(35), Broadcast(36), Broadcast(37), Broadcast(38), Broadcast(39), Broadcast(40), Broadcast(41), Broadcast(42), Broadcast(43), Broadcast(44), Broadcast(45), Broadcast(46), Broadcast(47), Broadcast(48), Broadcast(49), Broadcast(50), Broadcast(51), Broadcast(52), Broadcast(53), Broadcast(55), Broadcast(56), Broadcast(57), Broadcast(59), Broadcast(60), Broadcast(61), Broadcast(62), Broadcast(63), Broadcast(64), Broadcast(65), Broadcast(66), Broadcast(68), Broadcast(69), Broadcast(70), Broadcast(71), Broadcast(72), Broadcast(73), Broadcast(74), Broadcast(75), Broadcast(76), Broadcast(77), Broadcast(78), Broadcast(79), Broadcast(80), Broadcast(81), Broadcast(82), Broadcast(83), Broadcast(84), Broadcast(85), Broadcast(86), Broadcast(87), Broadcast(88), Broadcast(89), Broadcast(90), Broadcast(91), Broadcast(93), Broadcast(94), Broadcast(95), Broadcast(96), Broadcast(97), Broadcast(98), Broadcast(99), Broadcast(100), Broadcast(101), Broadcast(103), Broadcast(104), Broadcast(105), Broadcast(106), Broadcast(107), Broadcast(108), Broadcast(109), Broadcast(110), Broadcast(112), Broadcast(113), Broadcast(114), Broadcast(115), Broadcast(116), Broadcast(118), Broadcast(119), Broadcast(120), Broadcast(121), Broadcast(122), Broadcast(123), Broadcast(124), Broadcast(125), Broadcast(126), Broadcast(127), Broadcast(128), Broadcast(130), Broadcast(131), Broadcast(132), Broadcast(133), Broadcast(135), Broadcast(136), Broadcast(137), Broadcast(138), Broadcast(139), Broadcast(140), Broadcast(141), Broadcast(142), Broadcast(144), Broadcast(146), Broadcast(147), Broadcast(148), Broadcast(149), Broadcast(150), Broadcast(151), Broadcast(152), Broadcast(153), Broadcast(154), Broadcast(155), Broadcast(156), Broadcast(157), Broadcast(158), Broadcast(159), Broadcast(161), Broadcast(163), Broadcast(164), Broadcast(165), Broadcast(166), Broadcast(167), Broadcast(168), Broadcast(169), Broadcast(170), Broadcast(171), Broadcast(172), Broadcast(173), Broadcast(174), Broadcast(175), Broadcast(176), Broadcast(177), Broadcast(178), Broadcast(179), Broadcast(180), Broadcast(181), Broadcast(182), Broadcast(183), Broadcast(184), Broadcast(185), Broadcast(187), Broadcast(188), Broadcast(189), Broadcast(190), Broadcast(191), Broadcast(192), Broadcast(194), Broadcast(195), Broadcast(196), Broadcast(197), Broadcast(198), Broadcast(199), Broadcast(200), Broadcast(201), Broadcast(203), Broadcast(204), Broadcast(205), Broadcast(206), Broadcast(207), Broadcast(208), Broadcast(209), Broadcast(210), Broadcast(211), Broadcast(212), Broadcast(213), Broadcast(214), Broadcast(215), Broadcast(216), Broadcast(217), Broadcast(218), Broadcast(220), Broadcast(221), Broadcast(222), Broadcast(223), Broadcast(224), Broadcast(225), Broadcast(226), Broadcast(227), Broadcast(228), Broadcast(229), Broadcast(230), Broadcast(231), Broadcast(232), Broadcast(233), Broadcast(234), Broadcast(235), Broadcast(236), Broadcast(237), Broadcast(238), Broadcast(239), Broadcast(240), Broadcast(241), Broadcast(242), Broadcast(243), Broadcast(244), Broadcast(245), Broadcast(246), Broadcast(247), Broadcast(248), Broadcast(249), Broadcast(250), Broadcast(251), Broadcast(252), Broadcast(253), Broadcast(255), Broadcast(256), Broadcast(257), Broadcast(258), Broadcast(259), Broadcast(260), Broadcast(261), Broadcast(262), Broadcast(263), Broadcast(265), Broadcast(267), Broadcast(268), Broadcast(269), Broadcast(270), Broadcast(271), Broadcast(272), Broadcast(273), Broadcast(274), Broadcast(275), Broadcast(276), Broadcast(277), Broadcast(278), Broadcast(279), Broadcast(280), Broadcast(281), Broadcast(282), Broadcast(283), Broadcast(284), Broadcast(285), Broadcast(286), Broadcast(287), Broadcast(288), Broadcast(289), Broadcast(290), Broadcast(291), Broadcast(292), Broadcast(293), Broadcast(294), Broadcast(295), Broadcast(296), Broadcast(297), Broadcast(298), Broadcast(299), Broadcast(300), Broadcast(301), Broadcast(302), Broadcast(303), Broadcast(305), Broadcast(306), Broadcast(307), Broadcast(308), Broadcast(309), Broadcast(310), Broadcast(311), Broadcast(312), Broadcast(313), Broadcast(314), Broadcast(315), Broadcast(316), Broadcast(317), Broadcast(318), Broadcast(319), Broadcast(320), Broadcast(321), Broadcast(322), Broadcast(323), Broadcast(324), Broadcast(325), Broadcast(326), Broadcast(327), Broadcast(328), Broadcast(329), Broadcast(330), Broadcast(331), Broadcast(332), Broadcast(333), Broadcast(334), Broadcast(335), Broadcast(336), Broadcast(337), Broadcast(338), Broadcast(339), Broadcast(340), Broadcast(341), Broadcast(342), Broadcast(343), Broadcast(344), Broadcast(345), Broadcast(346), Broadcast(347), Broadcast(348), Broadcast(349), Broadcast(350), Broadcast(351), Broadcast(352), Broadcast(353), Broadcast(354), Broadcast(355), Broadcast(356), Broadcast(357), Broadcast(358), Broadcast(359), Broadcast(360), Broadcast(361), Broadcast(362), Broadcast(363), Broadcast(365), Broadcast(366), Broadcast(367), Broadcast(368), Broadcast(369), Broadcast(370), Broadcast(371), Broadcast(372), Broadcast(373), Broadcast(374), Broadcast(375), Broadcast(376), Broadcast(377), Broadcast(378), Broadcast(379), Broadcast(380), Broadcast(381), Broadcast(382), Broadcast(383), Broadcast(385), Broadcast(387), Broadcast(388), Broadcast(389), Broadcast(390), Broadcast(391), Broadcast(392), Broadcast(393), Broadcast(394), Broadcast(395), Broadcast(396), Broadcast(397), Broadcast(399), Broadcast(400), Broadcast(401), Broadcast(402), Broadcast(404), Broadcast(405), Broadcast(406), Broadcast(407), Broadcast(408), Broadcast(409), Broadcast(410), Broadcast(411), Broadcast(412), Broadcast(413), Broadcast(414), Broadcast(415), Broadcast(416), Broadcast(418), Broadcast(419), Broadcast(420), Broadcast(421), Broadcast(422), Broadcast(423), Broadcast(424), Broadcast(425), Broadcast(426), Broadcast(427), Broadcast(428), Broadcast(429), Broadcast(430), Broadcast(431), Broadcast(432), Broadcast(433), Broadcast(434), Broadcast(435), Broadcast(437), Broadcast(438), Broadcast(439), Broadcast(440), Broadcast(442), Broadcast(443), Broadcast(444), Broadcast(445), Broadcast(446), Broadcast(447), Broadcast(448), Broadcast(449), Broadcast(450), Broadcast(451), Broadcast(452), Broadcast(453), Broadcast(454), Broadcast(456), Broadcast(457), Broadcast(458), Broadcast(459), Broadcast(460), Broadcast(461), Broadcast(462), Broadcast(463), Broadcast(464), Broadcast(465), Broadcast(466), Broadcast(467), Broadcast(468), Broadcast(469), Broadcast(470), Broadcast(471), Broadcast(472), Broadcast(473), Broadcast(474), Broadcast(475), Broadcast(476), Broadcast(477), Broadcast(478), Broadcast(479), Broadcast(481), Broadcast(483), Broadcast(484), Broadcast(485), Broadcast(486), Broadcast(487), Broadcast(488), Broadcast(489), Broadcast(490), Broadcast(491), Broadcast(492), Broadcast(493), Broadcast(494), Broadcast(495), Broadcast(496), Broadcast(497), Broadcast(498), Broadcast(499), Broadcast(500), Broadcast(501), Broadcast(503), Broadcast(504), Broadcast(505), Broadcast(506), Broadcast(507), Broadcast(508), Broadcast(509), Broadcast(510), Broadcast(511), Broadcast(512), Broadcast(513), Broadcast(515), Broadcast(516), Broadcast(517), Broadcast(518), Broadcast(519), Broadcast(520), Broadcast(521), Broadcast(522), Broadcast(523), Broadcast(524), Broadcast(525), Broadcast(526), Broadcast(527), Broadcast(528), Broadcast(529), Broadcast(530), Broadcast(531), Broadcast(532), Broadcast(533), Broadcast(534), Broadcast(535), Broadcast(536), Broadcast(537), Broadcast(538), Broadcast(539), Broadcast(540), Broadcast(541), Broadcast(542), Broadcast(543), Broadcast(544), Broadcast(545), Broadcast(546), Broadcast(547), Broadcast(548), Broadcast(549), Broadcast(550), Broadcast(551), Broadcast(552), Broadcast(553), Broadcast(554), Broadcast(555), Broadcast(556), Broadcast(557), Broadcast(558), Broadcast(559), Broadcast(561), Broadcast(562), Broadcast(563), Broadcast(564), Broadcast(565), Broadcast(566), Broadcast(567), Broadcast(568), Broadcast(569), Broadcast(571), Broadcast(572), Broadcast(573), Broadcast(574), Broadcast(576), Broadcast(577), Broadcast(578), Broadcast(579), Broadcast(580), Broadcast(581), Broadcast(582), Broadcast(583), Broadcast(584), Broadcast(585), Broadcast(586), Broadcast(587), Broadcast(588), Broadcast(589), Broadcast(590), Broadcast(591), Broadcast(592), Broadcast(593), Broadcast(594), Broadcast(595), Broadcast(596), Broadcast(597), Broadcast(598), Broadcast(599), Broadcast(600), Broadcast(601), Broadcast(602), Broadcast(603), Broadcast(604), Broadcast(605), Broadcast(606), Broadcast(607), Broadcast(608), Broadcast(609), Broadcast(610), Broadcast(611), Broadcast(612), Broadcast(613), Broadcast(614), Broadcast(615), Broadcast(616), Broadcast(617), Broadcast(618), Broadcast(619), Broadcast(620), Broadcast(621), Broadcast(622), Broadcast(623), Broadcast(624), Broadcast(625), Broadcast(626), Broadcast(627), Broadcast(628), Broadcast(629), Broadcast(630), Broadcast(631), Broadcast(632), Broadcast(633), Broadcast(634), Broadcast(635), Broadcast(636), Broadcast(637), Broadcast(638), Broadcast(639), Broadcast(640), Broadcast(641), Broadcast(642), Broadcast(643), Broadcast(644), Broadcast(645), Broadcast(646), Broadcast(647), Broadcast(649), Broadcast(650), Broadcast(651), Broadcast(652), Broadcast(653), Broadcast(655), Broadcast(656), Broadcast(657), Broadcast(658), Broadcast(659), Broadcast(660), Broadcast(661), Broadcast(662), Broadcast(663), Broadcast(664), Broadcast(665), Broadcast(666), Broadcast(667), Broadcast(668), Broadcast(670), Broadcast(671), Broadcast(672), Broadcast(674), Broadcast(675), Broadcast(676), Broadcast(677), Broadcast(678), Broadcast(679), Broadcast(680), Broadcast(681), Broadcast(682), Broadcast(683), Broadcast(684), Broadcast(685), Broadcast(686), Broadcast(688), Broadcast(689), Broadcast(690), Broadcast(691), Broadcast(692), Broadcast(693), Broadcast(694), Broadcast(695), Broadcast(696), Broadcast(697), Broadcast(698), Broadcast(699), Broadcast(700), Broadcast(701), Broadcast(703), Broadcast(704), Broadcast(705), Broadcast(706), Broadcast(707), Broadcast(708), Broadcast(709), Broadcast(710), Broadcast(711), Broadcast(713), Broadcast(714), Broadcast(715), Broadcast(716), Broadcast(717), Broadcast(718), Broadcast(719), Broadcast(720), Broadcast(721), Broadcast(722), Broadcast(723), Broadcast(724), Broadcast(725), Broadcast(726), Broadcast(727), Broadcast(728), Broadcast(729), Broadcast(730), Broadcast(731), Broadcast(732), Broadcast(733), Broadcast(734), Broadcast(735), Broadcast(736), Broadcast(737), Broadcast(738), Broadcast(739), Broadcast(740), Broadcast(741), Broadcast(742), Broadcast(743), Broadcast(744), Broadcast(745), Broadcast(746), Broadcast(747), Broadcast(748), Broadcast(749), Broadcast(750), Broadcast(751), Broadcast(752), Broadcast(753), Broadcast(754), Broadcast(755), Broadcast(756), Broadcast(757), Broadcast(758), Broadcast(759), Broadcast(760), Broadcast(761), Broadcast(763), Broadcast(764), Broadcast(765), Broadcast(766), Broadcast(767), Broadcast(768), Broadcast(769), Broadcast(770), Broadcast(771), Broadcast(772), Broadcast(773), Broadcast(774), Broadcast(775), Broadcast(776), Broadcast(777), Broadcast(778), Broadcast(779), Broadcast(780), Broadcast(781), Broadcast(782), Broadcast(783), Broadcast(784), Broadcast(785), Broadcast(786), Broadcast(787), Broadcast(788), Broadcast(790), Broadcast(791), Broadcast(792), Broadcast(793), Broadcast(794), Broadcast(795), Broadcast(796), Broadcast(797), Broadcast(798), Broadcast(799), Broadcast(800), Broadcast(801), Broadcast(802), Broadcast(803), Broadcast(804), Broadcast(805), Broadcast(806), Broadcast(807), Broadcast(809), Broadcast(811), Broadcast(812), Broadcast(813), Broadcast(814), Broadcast(815), Broadcast(816), Broadcast(817), Broadcast(818), Broadcast(819), Broadcast(820), Broadcast(821), Broadcast(822), Broadcast(823), Broadcast(824), Broadcast(825), Broadcast(827), Broadcast(828), Broadcast(829), Broadcast(830), Broadcast(831), Broadcast(832), Broadcast(833), Broadcast(834), Broadcast(835), Broadcast(836), Broadcast(838), Broadcast(839), Broadcast(841), Broadcast(842), Broadcast(843), Broadcast(844), Broadcast(845), Broadcast(846), Broadcast(847), Broadcast(848), Broadcast(849), Broadcast(850), Broadcast(851), Broadcast(852), Broadcast(853), Broadcast(854), Broadcast(855), Broadcast(856), Broadcast(857), Broadcast(858), Broadcast(859), Broadcast(860), Broadcast(861), Broadcast(862), Broadcast(863), Broadcast(864), Broadcast(865), Broadcast(866), Broadcast(867), Broadcast(868), Broadcast(869), Broadcast(870), Broadcast(871), Broadcast(872), Broadcast(873), Broadcast(874), Broadcast(875), Broadcast(876), Broadcast(879), Broadcast(880), Broadcast(881), Broadcast(882), Broadcast(883), Broadcast(884), Broadcast(885), Broadcast(886), Broadcast(887), Broadcast(888), Broadcast(889), Broadcast(890), Broadcast(891), Broadcast(892), Broadcast(893), Broadcast(894), Broadcast(895), Broadcast(896), Broadcast(897), Broadcast(898), Broadcast(899), Broadcast(900), Broadcast(901), Broadcast(902), Broadcast(903), Broadcast(905), Broadcast(906), Broadcast(907), Broadcast(908), Broadcast(909), Broadcast(911), Broadcast(912), Broadcast(913), Broadcast(914), Broadcast(915), Broadcast(916), Broadcast(917), Broadcast(918), Broadcast(919), Broadcast(920), Broadcast(922), Broadcast(923), Broadcast(924), Broadcast(925), Broadcast(926), Broadcast(927), Broadcast(928), Broadcast(929), Broadcast(930), Broadcast(931), Broadcast(932), Broadcast(933), Broadcast(934), Broadcast(935), Broadcast(936), Broadcast(937), Broadcast(938), Broadcast(939), Broadcast(940), Broadcast(941), Broadcast(942), Broadcast(943), Broadcast(944), Broadcast(945), Broadcast(946), Broadcast(947), Broadcast(949), Broadcast(950), Broadcast(951), Broadcast(952), Broadcast(953), Broadcast(954), Broadcast(955), Broadcast(956), Broadcast(957), Broadcast(958), Broadcast(959), Broadcast(960), Broadcast(961), Broadcast(962), Broadcast(963), Broadcast(965), Broadcast(966), Broadcast(967), Broadcast(968), Broadcast(969), Broadcast(970), Broadcast(971), Broadcast(972), Broadcast(973), Broadcast(974), Broadcast(975), Broadcast(976), Broadcast(977), Broadcast(978), Broadcast(979), Broadcast(980), Broadcast(981), Broadcast(982), Broadcast(983), Broadcast(984), Broadcast(985), Broadcast(986), Broadcast(987), Broadcast(988), Broadcast(989), Broadcast(990), Broadcast(991), Broadcast(992), Broadcast(993), Broadcast(994), Broadcast(995), Broadcast(996), Broadcast(997), Broadcast(999), Broadcast(1000))" type="org.scalatest.exceptions.TestFailedException">org.scalatest.exceptions.TestFailedException: Vector(Broadcast(1), Broadcast(2), Broadcast(3), Broadcast(4), Broadcast(5), Broadcast(6), Broadcast(7), Broadcast(8), Broadcast(9), Broadcast(10), Broadcast(11), Broadcast(12), Broadcast(13), Broadcast(14), Broadcast(15), Broadcast(16), Broadcast(17), Broadcast(18), Broadcast(19), Broadcast(20), Broadcast(21), Broadcast(22), Broadcast(23), Broadcast(24), Broadcast(25), Broadcast(26), Broadcast(27), Broadcast(28), Broadcast(29), Broadcast(30), Broadcast(31), Broadcast(32), Broadcast(33), Broadcast(34), Broadcast(35), Broadcast(36), Broadcast(37), Broadcast(38), Broadcast(39), Broadcast(40), Broadcast(41), Broadcast(42), Broadcast(43), Broadcast(44), Broadcast(45), Broadcast(46), Broadcast(47), Broadcast(48), Broadcast(49), Broadcast(50), Broadcast(51), Broadcast(52), Broadcast(53)) did not equal List(Broadcast(1), Broadcast(2), Broadcast(3), Broadcast(4), Broadcast(5), Broadcast(6), Broadcast(7), Broadcast(8), Broadcast(9), Broadcast(10), Broadcast(11), Broadcast(12), Broadcast(13), Broadcast(14), Broadcast(15), Broadcast(16), Broadcast(17), Broadcast(18), Broadcast(19), Broadcast(20), Broadcast(21), Broadcast(22), Broadcast(23), Broadcast(24), Broadcast(25), Broadcast(26), Broadcast(27), Broadcast(28), Broadcast(29), Broadcast(30), Broadcast(31), Broadcast(32), Broadcast(33), Broadcast(34), Broadcast(35), Broadcast(36), Broadcast(37), Broadcast(38), Broadcast(39), Broadcast(40), Broadcast(41), Broadcast(42), Broadcast(43), Broadcast(44), Broadcast(45), Broadcast(46), Broadcast(47), Broadcast(48), Broadcast(49), Broadcast(50), Broadcast(51), Broadcast(52), Broadcast(53), Broadcast(55), Broadcast(56), Broadcast(57), Broadcast(59), Broadcast(60), Broadcast(61), Broadcast(62), Broadcast(63), Broadcast(64), Broadcast(65), Broadcast(66), Broadcast(68), Broadcast(69), Broadcast(70), Broadcast(71), Broadcast(72), Broadcast(73), Broadcast(74), Broadcast(75), Broadcast(76), Broadcast(77), Broadcast(78), Broadcast(79), Broadcast(80), Broadcast(81), Broadcast(82), Broadcast(83), Broadcast(84), Broadcast(85), Broadcast(86), Broadcast(87), Broadcast(88), Broadcast(89), Broadcast(90), Broadcast(91), Broadcast(93), Broadcast(94), Broadcast(95), Broadcast(96), Broadcast(97), Broadcast(98), Broadcast(99), Broadcast(100), Broadcast(101), Broadcast(103), Broadcast(104), Broadcast(105), Broadcast(106), Broadcast(107), Broadcast(108), Broadcast(109), Broadcast(110), Broadcast(112), Broadcast(113), Broadcast(114), Broadcast(115), Broadcast(116), Broadcast(118), Broadcast(119), Broadcast(120), Broadcast(121), Broadcast(122), Broadcast(123), Broadcast(124), Broadcast(125), Broadcast(126), Broadcast(127), Broadcast(128), Broadcast(130), Broadcast(131), Broadcast(132), Broadcast(133), Broadcast(135), Broadcast(136), Broadcast(137), Broadcast(138), Broadcast(139), Broadcast(140), Broadcast(141), Broadcast(142), Broadcast(144), Broadcast(146), Broadcast(147), Broadcast(148), Broadcast(149), Broadcast(150), Broadcast(151), Broadcast(152), Broadcast(153), Broadcast(154), Broadcast(155), Broadcast(156), Broadcast(157), Broadcast(158), Broadcast(159), Broadcast(161), Broadcast(163), Broadcast(164), Broadcast(165), Broadcast(166), Broadcast(167), Broadcast(168), Broadcast(169), Broadcast(170), Broadcast(171), Broadcast(172), Broadcast(173), Broadcast(174), Broadcast(175), Broadcast(176), Broadcast(177), Broadcast(178), Broadcast(179), Broadcast(180), Broadcast(181), Broadcast(182), Broadcast(183), Broadcast(184), Broadcast(185), Broadcast(187), Broadcast(188), Broadcast(189), Broadcast(190), Broadcast(191), Broadcast(192), Broadcast(194), Broadcast(195), Broadcast(196), Broadcast(197), Broadcast(198), Broadcast(199), Broadcast(200), Broadcast(201), Broadcast(203), Broadcast(204), Broadcast(205), Broadcast(206), Broadcast(207), Broadcast(208), Broadcast(209), Broadcast(210), Broadcast(211), Broadcast(212), Broadcast(213), Broadcast(214), Broadcast(215), Broadcast(216), Broadcast(217), Broadcast(218), Broadcast(220), Broadcast(221), Broadcast(222), Broadcast(223), Broadcast(224), Broadcast(225), Broadcast(226), Broadcast(227), Broadcast(228), Broadcast(229), Broadcast(230), Broadcast(231), Broadcast(232), Broadcast(233), Broadcast(234), Broadcast(235), Broadcast(236), Broadcast(237), Broadcast(238), Broadcast(239), Broadcast(240), Broadcast(241), Broadcast(242), Broadcast(243), Broadcast(244), Broadcast(245), Broadcast(246), Broadcast(247), Broadcast(248), Broadcast(249), Broadcast(250), Broadcast(251), Broadcast(252), Broadcast(253), Broadcast(255), Broadcast(256), Broadcast(257), Broadcast(258), Broadcast(259), Broadcast(260), Broadcast(261), Broadcast(262), Broadcast(263), Broadcast(265), Broadcast(267), Broadcast(268), Broadcast(269), Broadcast(270), Broadcast(271), Broadcast(272), Broadcast(273), Broadcast(274), Broadcast(275), Broadcast(276), Broadcast(277), Broadcast(278), Broadcast(279), Broadcast(280), Broadcast(281), Broadcast(282), Broadcast(283), Broadcast(284), Broadcast(285), Broadcast(286), Broadcast(287), Broadcast(288), Broadcast(289), Broadcast(290), Broadcast(291), Broadcast(292), Broadcast(293), Broadcast(294), Broadcast(295), Broadcast(296), Broadcast(297), Broadcast(298), Broadcast(299), Broadcast(300), Broadcast(301), Broadcast(302), Broadcast(303), Broadcast(305), Broadcast(306), Broadcast(307), Broadcast(308), Broadcast(309), Broadcast(310), Broadcast(311), Broadcast(312), Broadcast(313), Broadcast(314), Broadcast(315), Broadcast(316), Broadcast(317), Broadcast(318), Broadcast(319), Broadcast(320), Broadcast(321), Broadcast(322), Broadcast(323), Broadcast(324), Broadcast(325), Broadcast(326), Broadcast(327), Broadcast(328), Broadcast(329), Broadcast(330), Broadcast(331), Broadcast(332), Broadcast(333), Broadcast(334), Broadcast(335), Broadcast(336), Broadcast(337), Broadcast(338), Broadcast(339), Broadcast(340), Broadcast(341), Broadcast(342), Broadcast(343), Broadcast(344), Broadcast(345), Broadcast(346), Broadcast(347), Broadcast(348), Broadcast(349), Broadcast(350), Broadcast(351), Broadcast(352), Broadcast(353), Broadcast(354), Broadcast(355), Broadcast(356), Broadcast(357), Broadcast(358), Broadcast(359), Broadcast(360), Broadcast(361), Broadcast(362), Broadcast(363), Broadcast(365), Broadcast(366), Broadcast(367), Broadcast(368), Broadcast(369), Broadcast(370), Broadcast(371), Broadcast(372), Broadcast(373), Broadcast(374), Broadcast(375), Broadcast(376), Broadcast(377), Broadcast(378), Broadcast(379), Broadcast(380), Broadcast(381), Broadcast(382), Broadcast(383), Broadcast(385), Broadcast(387), Broadcast(388), Broadcast(389), Broadcast(390), Broadcast(391), Broadcast(392), Broadcast(393), Broadcast(394), Broadcast(395), Broadcast(396), Broadcast(397), Broadcast(399), Broadcast(400), Broadcast(401), Broadcast(402), Broadcast(404), Broadcast(405), Broadcast(406), Broadcast(407), Broadcast(408), Broadcast(409), Broadcast(410), Broadcast(411), Broadcast(412), Broadcast(413), Broadcast(414), Broadcast(415), Broadcast(416), Broadcast(418), Broadcast(419), Broadcast(420), Broadcast(421), Broadcast(422), Broadcast(423), Broadcast(424), Broadcast(425), Broadcast(426), Broadcast(427), Broadcast(428), Broadcast(429), Broadcast(430), Broadcast(431), Broadcast(432), Broadcast(433), Broadcast(434), Broadcast(435), Broadcast(437), Broadcast(438), Broadcast(439), Broadcast(440), Broadcast(442), Broadcast(443), Broadcast(444), Broadcast(445), Broadcast(446), Broadcast(447), Broadcast(448), Broadcast(449), Broadcast(450), Broadcast(451), Broadcast(452), Broadcast(453), Broadcast(454), Broadcast(456), Broadcast(457), Broadcast(458), Broadcast(459), Broadcast(460), Broadcast(461), Broadcast(462), Broadcast(463), Broadcast(464), Broadcast(465), Broadcast(466), Broadcast(467), Broadcast(468), Broadcast(469), Broadcast(470), Broadcast(471), Broadcast(472), Broadcast(473), Broadcast(474), Broadcast(475), Broadcast(476), Broadcast(477), Broadcast(478), Broadcast(479), Broadcast(481), Broadcast(483), Broadcast(484), Broadcast(485), Broadcast(486), Broadcast(487), Broadcast(488), Broadcast(489), Broadcast(490), Broadcast(491), Broadcast(492), Broadcast(493), Broadcast(494), Broadcast(495), Broadcast(496), Broadcast(497), Broadcast(498), Broadcast(499), Broadcast(500), Broadcast(501), Broadcast(503), Broadcast(504), Broadcast(505), Broadcast(506), Broadcast(507), Broadcast(508), Broadcast(509), Broadcast(510), Broadcast(511), Broadcast(512), Broadcast(513), Broadcast(515), Broadcast(516), Broadcast(517), Broadcast(518), Broadcast(519), Broadcast(520), Broadcast(521), Broadcast(522), Broadcast(523), Broadcast(524), Broadcast(525), Broadcast(526), Broadcast(527), Broadcast(528), Broadcast(529), Broadcast(530), Broadcast(531), Broadcast(532), Broadcast(533), Broadcast(534), Broadcast(535), Broadcast(536), Broadcast(537), Broadcast(538), Broadcast(539), Broadcast(540), Broadcast(541), Broadcast(542), Broadcast(543), Broadcast(544), Broadcast(545), Broadcast(546), Broadcast(547), Broadcast(548), Broadcast(549), Broadcast(550), Broadcast(551), Broadcast(552), Broadcast(553), Broadcast(554), Broadcast(555), Broadcast(556), Broadcast(557), Broadcast(558), Broadcast(559), Broadcast(561), Broadcast(562), Broadcast(563), Broadcast(564), Broadcast(565), Broadcast(566), Broadcast(567), Broadcast(568), Broadcast(569), Broadcast(571), Broadcast(572), Broadcast(573), Broadcast(574), Broadcast(576), Broadcast(577), Broadcast(578), Broadcast(579), Broadcast(580), Broadcast(581), Broadcast(582), Broadcast(583), Broadcast(584), Broadcast(585), Broadcast(586), Broadcast(587), Broadcast(588), Broadcast(589), Broadcast(590), Broadcast(591), Broadcast(592), Broadcast(593), Broadcast(594), Broadcast(595), Broadcast(596), Broadcast(597), Broadcast(598), Broadcast(599), Broadcast(600), Broadcast(601), Broadcast(602), Broadcast(603), Broadcast(604), Broadcast(605), Broadcast(606), Broadcast(607), Broadcast(608), Broadcast(609), Broadcast(610), Broadcast(611), Broadcast(612), Broadcast(613), Broadcast(614), Broadcast(615), Broadcast(616), Broadcast(617), Broadcast(618), Broadcast(619), Broadcast(620), Broadcast(621), Broadcast(622), Broadcast(623), Broadcast(624), Broadcast(625), Broadcast(626), Broadcast(627), Broadcast(628), Broadcast(629), Broadcast(630), Broadcast(631), Broadcast(632), Broadcast(633), Broadcast(634), Broadcast(635), Broadcast(636), Broadcast(637), Broadcast(638), Broadcast(639), Broadcast(640), Broadcast(641), Broadcast(642), Broadcast(643), Broadcast(644), Broadcast(645), Broadcast(646), Broadcast(647), Broadcast(649), Broadcast(650), Broadcast(651), Broadcast(652), Broadcast(653), Broadcast(655), Broadcast(656), Broadcast(657), Broadcast(658), Broadcast(659), Broadcast(660), Broadcast(661), Broadcast(662), Broadcast(663), Broadcast(664), Broadcast(665), Broadcast(666), Broadcast(667), Broadcast(668), Broadcast(670), Broadcast(671), Broadcast(672), Broadcast(674), Broadcast(675), Broadcast(676), Broadcast(677), Broadcast(678), Broadcast(679), Broadcast(680), Broadcast(681), Broadcast(682), Broadcast(683), Broadcast(684), Broadcast(685), Broadcast(686), Broadcast(688), Broadcast(689), Broadcast(690), Broadcast(691), Broadcast(692), Broadcast(693), Broadcast(694), Broadcast(695), Broadcast(696), Broadcast(697), Broadcast(698), Broadcast(699), Broadcast(700), Broadcast(701), Broadcast(703), Broadcast(704), Broadcast(705), Broadcast(706), Broadcast(707), Broadcast(708), Broadcast(709), Broadcast(710), Broadcast(711), Broadcast(713), Broadcast(714), Broadcast(715), Broadcast(716), Broadcast(717), Broadcast(718), Broadcast(719), Broadcast(720), Broadcast(721), Broadcast(722), Broadcast(723), Broadcast(724), Broadcast(725), Broadcast(726), Broadcast(727), Broadcast(728), Broadcast(729), Broadcast(730), Broadcast(731), Broadcast(732), Broadcast(733), Broadcast(734), Broadcast(735), Broadcast(736), Broadcast(737), Broadcast(738), Broadcast(739), Broadcast(740), Broadcast(741), Broadcast(742), Broadcast(743), Broadcast(744), Broadcast(745), Broadcast(746), Broadcast(747), Broadcast(748), Broadcast(749), Broadcast(750), Broadcast(751), Broadcast(752), Broadcast(753), Broadcast(754), Broadcast(755), Broadcast(756), Broadcast(757), Broadcast(758), Broadcast(759), Broadcast(760), Broadcast(761), Broadcast(763), Broadcast(764), Broadcast(765), Broadcast(766), Broadcast(767), Broadcast(768), Broadcast(769), Broadcast(770), Broadcast(771), Broadcast(772), Broadcast(773), Broadcast(774), Broadcast(775), Broadcast(776), Broadcast(777), Broadcast(778), Broadcast(779), Broadcast(780), Broadcast(781), Broadcast(782), Broadcast(783), Broadcast(784), Broadcast(785), Broadcast(786), Broadcast(787), Broadcast(788), Broadcast(790), Broadcast(791), Broadcast(792), Broadcast(793), Broadcast(794), Broadcast(795), Broadcast(796), Broadcast(797), Broadcast(798), Broadcast(799), Broadcast(800), Broadcast(801), Broadcast(802), Broadcast(803), Broadcast(804), Broadcast(805), Broadcast(806), Broadcast(807), Broadcast(809), Broadcast(811), Broadcast(812), Broadcast(813), Broadcast(814), Broadcast(815), Broadcast(816), Broadcast(817), Broadcast(818), Broadcast(819), Broadcast(820), Broadcast(821), Broadcast(822), Broadcast(823), Broadcast(824), Broadcast(825), Broadcast(827), Broadcast(828), Broadcast(829), Broadcast(830), Broadcast(831), Broadcast(832), Broadcast(833), Broadcast(834), Broadcast(835), Broadcast(836), Broadcast(838), Broadcast(839), Broadcast(841), Broadcast(842), Broadcast(843), Broadcast(844), Broadcast(845), Broadcast(846), Broadcast(847), Broadcast(848), Broadcast(849), Broadcast(850), Broadcast(851), Broadcast(852), Broadcast(853), Broadcast(854), Broadcast(855), Broadcast(856), Broadcast(857), Broadcast(858), Broadcast(859), Broadcast(860), Broadcast(861), Broadcast(862), Broadcast(863), Broadcast(864), Broadcast(865), Broadcast(866), Broadcast(867), Broadcast(868), Broadcast(869), Broadcast(870), Broadcast(871), Broadcast(872), Broadcast(873), Broadcast(874), Broadcast(875), Broadcast(876), Broadcast(879), Broadcast(880), Broadcast(881), Broadcast(882), Broadcast(883), Broadcast(884), Broadcast(885), Broadcast(886), Broadcast(887), Broadcast(888), Broadcast(889), Broadcast(890), Broadcast(891), Broadcast(892), Broadcast(893), Broadcast(894), Broadcast(895), Broadcast(896), Broadcast(897), Broadcast(898), Broadcast(899), Broadcast(900), Broadcast(901), Broadcast(902), Broadcast(903), Broadcast(905), Broadcast(906), Broadcast(907), Broadcast(908), Broadcast(909), Broadcast(911), Broadcast(912), Broadcast(913), Broadcast(914), Broadcast(915), Broadcast(916), Broadcast(917), Broadcast(918), Broadcast(919), Broadcast(920), Broadcast(922), Broadcast(923), Broadcast(924), Broadcast(925), Broadcast(926), Broadcast(927), Broadcast(928), Broadcast(929), Broadcast(930), Broadcast(931), Broadcast(932), Broadcast(933), Broadcast(934), Broadcast(935), Broadcast(936), Broadcast(937), Broadcast(938), Broadcast(939), Broadcast(940), Broadcast(941), Broadcast(942), Broadcast(943), Broadcast(944), Broadcast(945), Broadcast(946), Broadcast(947), Broadcast(949), Broadcast(950), Broadcast(951), Broadcast(952), Broadcast(953), Broadcast(954), Broadcast(955), Broadcast(956), Broadcast(957), Broadcast(958), Broadcast(959), Broadcast(960), Broadcast(961), Broadcast(962), Broadcast(963), Broadcast(965), Broadcast(966), Broadcast(967), Broadcast(968), Broadcast(969), Broadcast(970), Broadcast(971), Broadcast(972), Broadcast(973), Broadcast(974), Broadcast(975), Broadcast(976), Broadcast(977), Broadcast(978), Broadcast(979), Broadcast(980), Broadcast(981), Broadcast(982), Broadcast(983), Broadcast(984), Broadcast(985), Broadcast(986), Broadcast(987), Broadcast(988), Broadcast(989), Broadcast(990), Broadcast(991), Broadcast(992), Broadcast(993), Broadcast(994), Broadcast(995), Broadcast(996), Broadcast(997), Broadcast(999), Broadcast(1000))
	at org.scalatest.Assertions$class.newAssertionFailedException(Assertions.scala:528)
	at followers.FollowersSuite.newAssertionFailedException(FollowersSuite.scala:21)
	at org.scalatest.Assertions$AssertionsHelper.macroAssert(Assertions.scala:501)
	at followers.FollowersSuite$$anonfun$6.apply(FollowersSuite.scala:78)
	at followers.FollowersSuite$$anonfun$6.apply(FollowersSuite.scala:72)
	at org.scalatest.OutcomeOf$class.outcomeOf(OutcomeOf.scala:85)
	at org.scalatest.OutcomeOf$.outcomeOf(OutcomeOf.scala:104)
	at org.scalatest.Transformer.apply(Transformer.scala:22)
	at org.scalatest.Transformer.apply(Transformer.scala:20)
	at org.scalatest.FunSuiteLike$$anon$1.apply(FunSuiteLike.scala:186)
	at org.scalatest.TestSuite$class.withFixture(TestSuite.scala:196)
	at followers.FollowersSuite.withFixture(FollowersSuite.scala:21)
	at org.scalatest.FunSuiteLike$class.invokeWithFixture$1(FunSuiteLike.scala:183)
	at org.scalatest.FunSuiteLike$$anonfun$runTest$1.apply(FunSuiteLike.scala:196)
	at org.scalatest.FunSuiteLike$$anonfun$runTest$1.apply(FunSuiteLike.scala:196)
	at org.scalatest.SuperEngine.runTestImpl(Engine.scala:289)
	at org.scalatest.FunSuiteLike$class.runTest(FunSuiteLike.scala:196)
	at followers.FollowersSuite.runTest(FollowersSuite.scala:21)
	at org.scalatest.FunSuiteLike$$anonfun$runTests$1.apply(FunSuiteLike.scala:229)
	at org.scalatest.FunSuiteLike$$anonfun$runTests$1.apply(FunSuiteLike.scala:229)
	at org.scalatest.SuperEngine$$anonfun$traverseSubNodes$1$1.apply(Engine.scala:396)
	at org.scalatest.SuperEngine$$anonfun$traverseSubNodes$1$1.apply(Engine.scala:384)
	at scala.collection.immutable.List.foreach(List.scala:392)
	at org.scalatest.SuperEngine.traverseSubNodes$1(Engine.scala:384)
	at org.scalatest.SuperEngine.org$scalatest$SuperEngine$$runTestsInBranch(Engine.scala:379)
	at org.scalatest.SuperEngine.runTestsImpl(Engine.scala:461)
	at org.scalatest.FunSuiteLike$class.runTests(FunSuiteLike.scala:229)
	at followers.FollowersSuite.runTests(FollowersSuite.scala:21)
	at org.scalatest.Suite$class.run(Suite.scala:1147)
	at followers.FollowersSuite.org$scalatest$FunSuiteLike$$super$run(FollowersSuite.scala:21)
	at org.scalatest.FunSuiteLike$$anonfun$run$1.apply(FunSuiteLike.scala:233)
	at org.scalatest.FunSuiteLike$$anonfun$run$1.apply(FunSuiteLike.scala:233)
	at org.scalatest.SuperEngine.runImpl(Engine.scala:521)
	at org.scalatest.FunSuiteLike$class.run(FunSuiteLike.scala:233)
	at followers.FollowersSuite.org$scalatest$BeforeAndAfterAll$$super$run(FollowersSuite.scala:21)
	at org.scalatest.BeforeAndAfterAll$class.liftedTree1$1(BeforeAndAfterAll.scala:213)
	at org.scalatest.BeforeAndAfterAll$class.run(BeforeAndAfterAll.scala:210)
	at followers.FollowersSuite.run(FollowersSuite.scala:21)
	at org.scalatest.tools.Framework.org$scalatest$tools$Framework$$runSuite(Framework.scala:314)
	at org.scalatest.tools.Framework$ScalaTestTask.execute(Framework.scala:480)
	at sbt.TestRunner.runTest$1(TestFramework.scala:113)
	at sbt.TestRunner.run(TestFramework.scala:124)
	at sbt.TestFramework$$anon$2$$anonfun$$lessinit$greater$1.$anonfun$apply$1(TestFramework.scala:282)
	at sbt.TestFramework$.sbt$TestFramework$$withContextLoader(TestFramework.scala:246)
	at sbt.TestFramework$$anon$2$$anonfun$$lessinit$greater$1.apply(TestFramework.scala:282)
	at sbt.TestFramework$$anon$2$$anonfun$$lessinit$greater$1.apply(TestFramework.scala:282)
	at sbt.TestFunction.apply(TestFramework.scala:294)
	at sbt.Tests$.processRunnable$1(Tests.scala:347)
	at sbt.Tests$.$anonfun$makeSerial$1(Tests.scala:353)
	at sbt.std.Transform$$anon$3.$anonfun$apply$2(System.scala:46)
	at sbt.std.Transform$$anon$4.work(System.scala:67)
	at sbt.Execute.$anonfun$submit$2(Execute.scala:269)
	at sbt.internal.util.ErrorHandling$.wideConvert(ErrorHandling.scala:16)
	at sbt.Execute.work(Execute.scala:278)
	at sbt.Execute.$anonfun$submit$1(Execute.scala:269)
	at sbt.ConcurrentRestrictions$$anon$4.$anonfun$submitValid$1(ConcurrentRestrictions.scala:178)
	at sbt.CompletionService$$anon$2.call(CompletionService.scala:37)
	at java.util.concurrent.FutureTask.run(FutureTask.java:266)
	at java.util.concurrent.Executors$RunnableAdapter.call(Executors.java:511)
	at java.util.concurrent.FutureTask.run(FutureTask.java:266)
	at java.util.concurrent.ThreadPoolExecutor.runWorker(ThreadPoolExecutor.java:1149)
	at java.util.concurrent.ThreadPoolExecutor$Worker.run(ThreadPoolExecutor.java:624)
	at java.lang.Thread.run(Thread.java:748)
</failure>
                                               </testcase><testcase classname="followers.FollowersSuite" name="reintroduceOrdering: reintroduce ordering, 2 off" time="1.016">
                                                 
                                               </testcase><testcase classname="followers.FollowersSuite" name="followersFlow: add a follower" time="1.031">
                                                 
                                               </testcase><testcase classname="followers.FollowersSuite" name="followersFlow: remove a follower" time="1.0">
                                                 
                                               </testcase><testcase classname="followers.FollowersSuite" name="identityParserSink: extract identity" time="1.016">
                                                 
                                               </testcase><testcase classname="followers.FollowersSuite" name="identityParserSink: re-frame incoming bytes" time="1.015">
                                                 
                                               </testcase><testcase classname="followers.FollowersSuite" name="isNotified: always notify users of broadcast messages" time="0.0">
                                                 
                                               </testcase><testcase classname="followers.FollowersSuite" name="isNotified: notify the followers of an user that updates his status" time="0.0">
                                                 
                                               </testcase><testcase classname="followers.FollowersSuite" name="eventsFlow: downstream should receive completion when the event source is completed" time="0.176">
                                                 
                                               </testcase><testcase classname="followers.FollowersSuite" name="incomingDataFlow: reframe, reorder and compute followers" time="0.095">
                                                 
                                               </testcase><testcase classname="followers.FollowersSuite" name="outgoingFlow: filter out events that should not be delivered to the given user" time="3.235">
                                                 <failure message="assertion failed: timeout (3 seconds) during expectMsg while waiting for OnNext(StatusUpdate(2,2))" type="java.lang.AssertionError">java.lang.AssertionError: assertion failed: timeout (3 seconds) during expectMsg while waiting for OnNext(StatusUpdate(2,2))
	at scala.Predef$.assert(Predef.scala:170)
	at akka.testkit.TestKitBase$class.expectMsg_internal(TestKit.scala:402)
	at akka.testkit.TestKitBase$class.expectMsg(TestKit.scala:379)
	at akka.testkit.TestKit.expectMsg(TestKit.scala:896)
	at akka.stream.testkit.TestSubscriber$ManualProbe.expectNext(StreamTestKit.scala:338)
	at followers.FollowersSuite$$anonfun$17.apply(FollowersSuite.scala:176)
	at followers.FollowersSuite$$anonfun$17.apply(FollowersSuite.scala:164)
	at org.scalatest.OutcomeOf$class.outcomeOf(OutcomeOf.scala:85)
	at org.scalatest.OutcomeOf$.outcomeOf(OutcomeOf.scala:104)
	at org.scalatest.Transformer.apply(Transformer.scala:22)
	at org.scalatest.Transformer.apply(Transformer.scala:20)
	at org.scalatest.FunSuiteLike$$anon$1.apply(FunSuiteLike.scala:186)
	at org.scalatest.TestSuite$class.withFixture(TestSuite.scala:196)
	at followers.FollowersSuite.withFixture(FollowersSuite.scala:21)
	at org.scalatest.FunSuiteLike$class.invokeWithFixture$1(FunSuiteLike.scala:183)
	at org.scalatest.FunSuiteLike$$anonfun$runTest$1.apply(FunSuiteLike.scala:196)
	at org.scalatest.FunSuiteLike$$anonfun$runTest$1.apply(FunSuiteLike.scala:196)
	at org.scalatest.SuperEngine.runTestImpl(Engine.scala:289)
	at org.scalatest.FunSuiteLike$class.runTest(FunSuiteLike.scala:196)
	at followers.FollowersSuite.runTest(FollowersSuite.scala:21)
	at org.scalatest.FunSuiteLike$$anonfun$runTests$1.apply(FunSuiteLike.scala:229)
	at org.scalatest.FunSuiteLike$$anonfun$runTests$1.apply(FunSuiteLike.scala:229)
	at org.scalatest.SuperEngine$$anonfun$traverseSubNodes$1$1.apply(Engine.scala:396)
	at org.scalatest.SuperEngine$$anonfun$traverseSubNodes$1$1.apply(Engine.scala:384)
	at scala.collection.immutable.List.foreach(List.scala:392)
	at org.scalatest.SuperEngine.traverseSubNodes$1(Engine.scala:384)
	at org.scalatest.SuperEngine.org$scalatest$SuperEngine$$runTestsInBranch(Engine.scala:379)
	at org.scalatest.SuperEngine.runTestsImpl(Engine.scala:461)
	at org.scalatest.FunSuiteLike$class.runTests(FunSuiteLike.scala:229)
	at followers.FollowersSuite.runTests(FollowersSuite.scala:21)
	at org.scalatest.Suite$class.run(Suite.scala:1147)
	at followers.FollowersSuite.org$scalatest$FunSuiteLike$$super$run(FollowersSuite.scala:21)
	at org.scalatest.FunSuiteLike$$anonfun$run$1.apply(FunSuiteLike.scala:233)
	at org.scalatest.FunSuiteLike$$anonfun$run$1.apply(FunSuiteLike.scala:233)
	at org.scalatest.SuperEngine.runImpl(Engine.scala:521)
	at org.scalatest.FunSuiteLike$class.run(FunSuiteLike.scala:233)
	at followers.FollowersSuite.org$scalatest$BeforeAndAfterAll$$super$run(FollowersSuite.scala:21)
	at org.scalatest.BeforeAndAfterAll$class.liftedTree1$1(BeforeAndAfterAll.scala:213)
	at org.scalatest.BeforeAndAfterAll$class.run(BeforeAndAfterAll.scala:210)
	at followers.FollowersSuite.run(FollowersSuite.scala:21)
	at org.scalatest.tools.Framework.org$scalatest$tools$Framework$$runSuite(Framework.scala:314)
	at org.scalatest.tools.Framework$ScalaTestTask.execute(Framework.scala:480)
	at sbt.TestRunner.runTest$1(TestFramework.scala:113)
	at sbt.TestRunner.run(TestFramework.scala:124)
	at sbt.TestFramework$$anon$2$$anonfun$$lessinit$greater$1.$anonfun$apply$1(TestFramework.scala:282)
	at sbt.TestFramework$.sbt$TestFramework$$withContextLoader(TestFramework.scala:246)
	at sbt.TestFramework$$anon$2$$anonfun$$lessinit$greater$1.apply(TestFramework.scala:282)
	at sbt.TestFramework$$anon$2$$anonfun$$lessinit$greater$1.apply(TestFramework.scala:282)
	at sbt.TestFunction.apply(TestFramework.scala:294)
	at sbt.Tests$.processRunnable$1(Tests.scala:347)
	at sbt.Tests$.$anonfun$makeSerial$1(Tests.scala:353)
	at sbt.std.Transform$$anon$3.$anonfun$apply$2(System.scala:46)
	at sbt.std.Transform$$anon$4.work(System.scala:67)
	at sbt.Execute.$anonfun$submit$2(Execute.scala:269)
	at sbt.internal.util.ErrorHandling$.wideConvert(ErrorHandling.scala:16)
	at sbt.Execute.work(Execute.scala:278)
	at sbt.Execute.$anonfun$submit$1(Execute.scala:269)
	at sbt.ConcurrentRestrictions$$anon$4.$anonfun$submitValid$1(ConcurrentRestrictions.scala:178)
	at sbt.CompletionService$$anon$2.call(CompletionService.scala:37)
	at java.util.concurrent.FutureTask.run(FutureTask.java:266)
	at java.util.concurrent.Executors$RunnableAdapter.call(Executors.java:511)
	at java.util.concurrent.FutureTask.run(FutureTask.java:266)
	at java.util.concurrent.ThreadPoolExecutor.runWorker(ThreadPoolExecutor.java:1149)
	at java.util.concurrent.ThreadPoolExecutor$Worker.run(ThreadPoolExecutor.java:624)
	at java.lang.Thread.run(Thread.java:748)
</failure>
                                               </testcase><testcase classname="followers.FollowersSuite" name="clientFlow: handle one client following another" time="3.046">
                                                 <failure message="assertion failed: timeout (3 seconds) during expectMsg while waiting for OnNext(Follow(1,1,2))" type="java.lang.AssertionError">java.lang.AssertionError: assertion failed: timeout (3 seconds) during expectMsg while waiting for OnNext(Follow(1,1,2))
	at scala.Predef$.assert(Predef.scala:170)
	at akka.testkit.TestKitBase$class.expectMsg_internal(TestKit.scala:402)
	at akka.testkit.TestKitBase$class.expectMsg(TestKit.scala:379)
	at akka.testkit.TestKit.expectMsg(TestKit.scala:896)
	at akka.stream.testkit.TestSubscriber$ManualProbe.expectNext(StreamTestKit.scala:338)
	at followers.FollowersSuite$$anonfun$18.apply(FollowersSuite.scala:195)
	at followers.FollowersSuite$$anonfun$18.apply(FollowersSuite.scala:184)
	at org.scalatest.OutcomeOf$class.outcomeOf(OutcomeOf.scala:85)
	at org.scalatest.OutcomeOf$.outcomeOf(OutcomeOf.scala:104)
	at org.scalatest.Transformer.apply(Transformer.scala:22)
	at org.scalatest.Transformer.apply(Transformer.scala:20)
	at org.scalatest.FunSuiteLike$$anon$1.apply(FunSuiteLike.scala:186)
	at org.scalatest.TestSuite$class.withFixture(TestSuite.scala:196)
	at followers.FollowersSuite.withFixture(FollowersSuite.scala:21)
	at org.scalatest.FunSuiteLike$class.invokeWithFixture$1(FunSuiteLike.scala:183)
	at org.scalatest.FunSuiteLike$$anonfun$runTest$1.apply(FunSuiteLike.scala:196)
	at org.scalatest.FunSuiteLike$$anonfun$runTest$1.apply(FunSuiteLike.scala:196)
	at org.scalatest.SuperEngine.runTestImpl(Engine.scala:289)
	at org.scalatest.FunSuiteLike$class.runTest(FunSuiteLike.scala:196)
	at followers.FollowersSuite.runTest(FollowersSuite.scala:21)
	at org.scalatest.FunSuiteLike$$anonfun$runTests$1.apply(FunSuiteLike.scala:229)
	at org.scalatest.FunSuiteLike$$anonfun$runTests$1.apply(FunSuiteLike.scala:229)
	at org.scalatest.SuperEngine$$anonfun$traverseSubNodes$1$1.apply(Engine.scala:396)
	at org.scalatest.SuperEngine$$anonfun$traverseSubNodes$1$1.apply(Engine.scala:384)
	at scala.collection.immutable.List.foreach(List.scala:392)
	at org.scalatest.SuperEngine.traverseSubNodes$1(Engine.scala:384)
	at org.scalatest.SuperEngine.org$scalatest$SuperEngine$$runTestsInBranch(Engine.scala:379)
	at org.scalatest.SuperEngine.runTestsImpl(Engine.scala:461)
	at org.scalatest.FunSuiteLike$class.runTests(FunSuiteLike.scala:229)
	at followers.FollowersSuite.runTests(FollowersSuite.scala:21)
	at org.scalatest.Suite$class.run(Suite.scala:1147)
	at followers.FollowersSuite.org$scalatest$FunSuiteLike$$super$run(FollowersSuite.scala:21)
	at org.scalatest.FunSuiteLike$$anonfun$run$1.apply(FunSuiteLike.scala:233)
	at org.scalatest.FunSuiteLike$$anonfun$run$1.apply(FunSuiteLike.scala:233)
	at org.scalatest.SuperEngine.runImpl(Engine.scala:521)
	at org.scalatest.FunSuiteLike$class.run(FunSuiteLike.scala:233)
	at followers.FollowersSuite.org$scalatest$BeforeAndAfterAll$$super$run(FollowersSuite.scala:21)
	at org.scalatest.BeforeAndAfterAll$class.liftedTree1$1(BeforeAndAfterAll.scala:213)
	at org.scalatest.BeforeAndAfterAll$class.run(BeforeAndAfterAll.scala:210)
	at followers.FollowersSuite.run(FollowersSuite.scala:21)
	at org.scalatest.tools.Framework.org$scalatest$tools$Framework$$runSuite(Framework.scala:314)
	at org.scalatest.tools.Framework$ScalaTestTask.execute(Framework.scala:480)
	at sbt.TestRunner.runTest$1(TestFramework.scala:113)
	at sbt.TestRunner.run(TestFramework.scala:124)
	at sbt.TestFramework$$anon$2$$anonfun$$lessinit$greater$1.$anonfun$apply$1(TestFramework.scala:282)
	at sbt.TestFramework$.sbt$TestFramework$$withContextLoader(TestFramework.scala:246)
	at sbt.TestFramework$$anon$2$$anonfun$$lessinit$greater$1.apply(TestFramework.scala:282)
	at sbt.TestFramework$$anon$2$$anonfun$$lessinit$greater$1.apply(TestFramework.scala:282)
	at sbt.TestFunction.apply(TestFramework.scala:294)
	at sbt.Tests$.processRunnable$1(Tests.scala:347)
	at sbt.Tests$.$anonfun$makeSerial$1(Tests.scala:353)
	at sbt.std.Transform$$anon$3.$anonfun$apply$2(System.scala:46)
	at sbt.std.Transform$$anon$4.work(System.scala:67)
	at sbt.Execute.$anonfun$submit$2(Execute.scala:269)
	at sbt.internal.util.ErrorHandling$.wideConvert(ErrorHandling.scala:16)
	at sbt.Execute.work(Execute.scala:278)
	at sbt.Execute.$anonfun$submit$1(Execute.scala:269)
	at sbt.ConcurrentRestrictions$$anon$4.$anonfun$submitValid$1(ConcurrentRestrictions.scala:178)
	at sbt.CompletionService$$anon$2.call(CompletionService.scala:37)
	at java.util.concurrent.FutureTask.run(FutureTask.java:266)
	at java.util.concurrent.Executors$RunnableAdapter.call(Executors.java:511)
	at java.util.concurrent.FutureTask.run(FutureTask.java:266)
	at java.util.concurrent.ThreadPoolExecutor.runWorker(ThreadPoolExecutor.java:1149)
	at java.util.concurrent.ThreadPoolExecutor$Worker.run(ThreadPoolExecutor.java:624)
	at java.lang.Thread.run(Thread.java:748)
</failure>
                                               </testcase><testcase classname="followers.FollowersSuite" name="clientFlow: ensure that event before issuing a Follow is not sent to that follower" time="3.063">
                                                 <failure message="assertion failed: timeout (3 seconds) during expectMsg while waiting for OnNext(Follow(3,1,2))" type="java.lang.AssertionError">java.lang.AssertionError: assertion failed: timeout (3 seconds) during expectMsg while waiting for OnNext(Follow(3,1,2))
	at scala.Predef$.assert(Predef.scala:170)
	at akka.testkit.TestKitBase$class.expectMsg_internal(TestKit.scala:402)
	at akka.testkit.TestKitBase$class.expectMsg(TestKit.scala:379)
	at akka.testkit.TestKit.expectMsg(TestKit.scala:896)
	at akka.stream.testkit.TestSubscriber$ManualProbe.expectNext(StreamTestKit.scala:338)
	at followers.FollowersSuite$$anonfun$19.apply(FollowersSuite.scala:214)
	at followers.FollowersSuite$$anonfun$19.apply(FollowersSuite.scala:202)
	at org.scalatest.OutcomeOf$class.outcomeOf(OutcomeOf.scala:85)
	at org.scalatest.OutcomeOf$.outcomeOf(OutcomeOf.scala:104)
	at org.scalatest.Transformer.apply(Transformer.scala:22)
	at org.scalatest.Transformer.apply(Transformer.scala:20)
	at org.scalatest.FunSuiteLike$$anon$1.apply(FunSuiteLike.scala:186)
	at org.scalatest.TestSuite$class.withFixture(TestSuite.scala:196)
	at followers.FollowersSuite.withFixture(FollowersSuite.scala:21)
	at org.scalatest.FunSuiteLike$class.invokeWithFixture$1(FunSuiteLike.scala:183)
	at org.scalatest.FunSuiteLike$$anonfun$runTest$1.apply(FunSuiteLike.scala:196)
	at org.scalatest.FunSuiteLike$$anonfun$runTest$1.apply(FunSuiteLike.scala:196)
	at org.scalatest.SuperEngine.runTestImpl(Engine.scala:289)
	at org.scalatest.FunSuiteLike$class.runTest(FunSuiteLike.scala:196)
	at followers.FollowersSuite.runTest(FollowersSuite.scala:21)
	at org.scalatest.FunSuiteLike$$anonfun$runTests$1.apply(FunSuiteLike.scala:229)
	at org.scalatest.FunSuiteLike$$anonfun$runTests$1.apply(FunSuiteLike.scala:229)
	at org.scalatest.SuperEngine$$anonfun$traverseSubNodes$1$1.apply(Engine.scala:396)
	at org.scalatest.SuperEngine$$anonfun$traverseSubNodes$1$1.apply(Engine.scala:384)
	at scala.collection.immutable.List.foreach(List.scala:392)
	at org.scalatest.SuperEngine.traverseSubNodes$1(Engine.scala:384)
	at org.scalatest.SuperEngine.org$scalatest$SuperEngine$$runTestsInBranch(Engine.scala:379)
	at org.scalatest.SuperEngine.runTestsImpl(Engine.scala:461)
	at org.scalatest.FunSuiteLike$class.runTests(FunSuiteLike.scala:229)
	at followers.FollowersSuite.runTests(FollowersSuite.scala:21)
	at org.scalatest.Suite$class.run(Suite.scala:1147)
	at followers.FollowersSuite.org$scalatest$FunSuiteLike$$super$run(FollowersSuite.scala:21)
	at org.scalatest.FunSuiteLike$$anonfun$run$1.apply(FunSuiteLike.scala:233)
	at org.scalatest.FunSuiteLike$$anonfun$run$1.apply(FunSuiteLike.scala:233)
	at org.scalatest.SuperEngine.runImpl(Engine.scala:521)
	at org.scalatest.FunSuiteLike$class.run(FunSuiteLike.scala:233)
	at followers.FollowersSuite.org$scalatest$BeforeAndAfterAll$$super$run(FollowersSuite.scala:21)
	at org.scalatest.BeforeAndAfterAll$class.liftedTree1$1(BeforeAndAfterAll.scala:213)
	at org.scalatest.BeforeAndAfterAll$class.run(BeforeAndAfterAll.scala:210)
	at followers.FollowersSuite.run(FollowersSuite.scala:21)
	at org.scalatest.tools.Framework.org$scalatest$tools$Framework$$runSuite(Framework.scala:314)
	at org.scalatest.tools.Framework$ScalaTestTask.execute(Framework.scala:480)
	at sbt.TestRunner.runTest$1(TestFramework.scala:113)
	at sbt.TestRunner.run(TestFramework.scala:124)
	at sbt.TestFramework$$anon$2$$anonfun$$lessinit$greater$1.$anonfun$apply$1(TestFramework.scala:282)
	at sbt.TestFramework$.sbt$TestFramework$$withContextLoader(TestFramework.scala:246)
	at sbt.TestFramework$$anon$2$$anonfun$$lessinit$greater$1.apply(TestFramework.scala:282)
	at sbt.TestFramework$$anon$2$$anonfun$$lessinit$greater$1.apply(TestFramework.scala:282)
	at sbt.TestFunction.apply(TestFramework.scala:294)
	at sbt.Tests$.processRunnable$1(Tests.scala:347)
	at sbt.Tests$.$anonfun$makeSerial$1(Tests.scala:353)
	at sbt.std.Transform$$anon$3.$anonfun$apply$2(System.scala:46)
	at sbt.std.Transform$$anon$4.work(System.scala:67)
	at sbt.Execute.$anonfun$submit$2(Execute.scala:269)
	at sbt.internal.util.ErrorHandling$.wideConvert(ErrorHandling.scala:16)
	at sbt.Execute.work(Execute.scala:278)
	at sbt.Execute.$anonfun$submit$1(Execute.scala:269)
	at sbt.ConcurrentRestrictions$$anon$4.$anonfun$submitValid$1(ConcurrentRestrictions.scala:178)
	at sbt.CompletionService$$anon$2.call(CompletionService.scala:37)
	at java.util.concurrent.FutureTask.run(FutureTask.java:266)
	at java.util.concurrent.Executors$RunnableAdapter.call(Executors.java:511)
	at java.util.concurrent.FutureTask.run(FutureTask.java:266)
	at java.util.concurrent.ThreadPoolExecutor.runWorker(ThreadPoolExecutor.java:1149)
	at java.util.concurrent.ThreadPoolExecutor$Worker.run(ThreadPoolExecutor.java:624)
	at java.lang.Thread.run(Thread.java:748)
</failure>
                                               </testcase><testcase classname="followers.FollowersSuite" name="clientFlow: ensure that users get notified from private messages" time="3.078">
                                                 <failure message="assertion failed: timeout (3 seconds) during expectMsg while waiting for OnNext(PrivateMsg(2,1,2))" type="java.lang.AssertionError">java.lang.AssertionError: assertion failed: timeout (3 seconds) during expectMsg while waiting for OnNext(PrivateMsg(2,1,2))
	at scala.Predef$.assert(Predef.scala:170)
	at akka.testkit.TestKitBase$class.expectMsg_internal(TestKit.scala:402)
	at akka.testkit.TestKitBase$class.expectMsg(TestKit.scala:379)
	at akka.testkit.TestKit.expectMsg(TestKit.scala:896)
	at akka.stream.testkit.TestSubscriber$ManualProbe.expectNext(StreamTestKit.scala:338)
	at followers.FollowersSuite$$anonfun$20.apply(FollowersSuite.scala:230)
	at followers.FollowersSuite$$anonfun$20.apply(FollowersSuite.scala:219)
	at org.scalatest.OutcomeOf$class.outcomeOf(OutcomeOf.scala:85)
	at org.scalatest.OutcomeOf$.outcomeOf(OutcomeOf.scala:104)
	at org.scalatest.Transformer.apply(Transformer.scala:22)
	at org.scalatest.Transformer.apply(Transformer.scala:20)
	at org.scalatest.FunSuiteLike$$anon$1.apply(FunSuiteLike.scala:186)
	at org.scalatest.TestSuite$class.withFixture(TestSuite.scala:196)
	at followers.FollowersSuite.withFixture(FollowersSuite.scala:21)
	at org.scalatest.FunSuiteLike$class.invokeWithFixture$1(FunSuiteLike.scala:183)
	at org.scalatest.FunSuiteLike$$anonfun$runTest$1.apply(FunSuiteLike.scala:196)
	at org.scalatest.FunSuiteLike$$anonfun$runTest$1.apply(FunSuiteLike.scala:196)
	at org.scalatest.SuperEngine.runTestImpl(Engine.scala:289)
	at org.scalatest.FunSuiteLike$class.runTest(FunSuiteLike.scala:196)
	at followers.FollowersSuite.runTest(FollowersSuite.scala:21)
	at org.scalatest.FunSuiteLike$$anonfun$runTests$1.apply(FunSuiteLike.scala:229)
	at org.scalatest.FunSuiteLike$$anonfun$runTests$1.apply(FunSuiteLike.scala:229)
	at org.scalatest.SuperEngine$$anonfun$traverseSubNodes$1$1.apply(Engine.scala:396)
	at org.scalatest.SuperEngine$$anonfun$traverseSubNodes$1$1.apply(Engine.scala:384)
	at scala.collection.immutable.List.foreach(List.scala:392)
	at org.scalatest.SuperEngine.traverseSubNodes$1(Engine.scala:384)
	at org.scalatest.SuperEngine.org$scalatest$SuperEngine$$runTestsInBranch(Engine.scala:379)
	at org.scalatest.SuperEngine.runTestsImpl(Engine.scala:461)
	at org.scalatest.FunSuiteLike$class.runTests(FunSuiteLike.scala:229)
	at followers.FollowersSuite.runTests(FollowersSuite.scala:21)
	at org.scalatest.Suite$class.run(Suite.scala:1147)
	at followers.FollowersSuite.org$scalatest$FunSuiteLike$$super$run(FollowersSuite.scala:21)
	at org.scalatest.FunSuiteLike$$anonfun$run$1.apply(FunSuiteLike.scala:233)
	at org.scalatest.FunSuiteLike$$anonfun$run$1.apply(FunSuiteLike.scala:233)
	at org.scalatest.SuperEngine.runImpl(Engine.scala:521)
	at org.scalatest.FunSuiteLike$class.run(FunSuiteLike.scala:233)
	at followers.FollowersSuite.org$scalatest$BeforeAndAfterAll$$super$run(FollowersSuite.scala:21)
	at org.scalatest.BeforeAndAfterAll$class.liftedTree1$1(BeforeAndAfterAll.scala:213)
	at org.scalatest.BeforeAndAfterAll$class.run(BeforeAndAfterAll.scala:210)
	at followers.FollowersSuite.run(FollowersSuite.scala:21)
	at org.scalatest.tools.Framework.org$scalatest$tools$Framework$$runSuite(Framework.scala:314)
	at org.scalatest.tools.Framework$ScalaTestTask.execute(Framework.scala:480)
	at sbt.TestRunner.runTest$1(TestFramework.scala:113)
	at sbt.TestRunner.run(TestFramework.scala:124)
	at sbt.TestFramework$$anon$2$$anonfun$$lessinit$greater$1.$anonfun$apply$1(TestFramework.scala:282)
	at sbt.TestFramework$.sbt$TestFramework$$withContextLoader(TestFramework.scala:246)
	at sbt.TestFramework$$anon$2$$anonfun$$lessinit$greater$1.apply(TestFramework.scala:282)
	at sbt.TestFramework$$anon$2$$anonfun$$lessinit$greater$1.apply(TestFramework.scala:282)
	at sbt.TestFunction.apply(TestFramework.scala:294)
	at sbt.Tests$.processRunnable$1(Tests.scala:347)
	at sbt.Tests$.$anonfun$makeSerial$1(Tests.scala:353)
	at sbt.std.Transform$$anon$3.$anonfun$apply$2(System.scala:46)
	at sbt.std.Transform$$anon$4.work(System.scala:67)
	at sbt.Execute.$anonfun$submit$2(Execute.scala:269)
	at sbt.internal.util.ErrorHandling$.wideConvert(ErrorHandling.scala:16)
	at sbt.Execute.work(Execute.scala:278)
	at sbt.Execute.$anonfun$submit$1(Execute.scala:269)
	at sbt.ConcurrentRestrictions$$anon$4.$anonfun$submitValid$1(ConcurrentRestrictions.scala:178)
	at sbt.CompletionService$$anon$2.call(CompletionService.scala:37)
	at java.util.concurrent.FutureTask.run(FutureTask.java:266)
	at java.util.concurrent.Executors$RunnableAdapter.call(Executors.java:511)
	at java.util.concurrent.FutureTask.run(FutureTask.java:266)
	at java.util.concurrent.ThreadPoolExecutor.runWorker(ThreadPoolExecutor.java:1149)
	at java.util.concurrent.ThreadPoolExecutor$Worker.run(ThreadPoolExecutor.java:624)
	at java.lang.Thread.run(Thread.java:748)
</failure>
                                               </testcase>
                     <system-out><![CDATA[]]></system-out>
                     <system-err><![CDATA[]]></system-err>
                   </testsuite>