<?xml version='1.0' encoding='UTF-8'?>
<testsuite hostname="Vinay" name="actorbintree.BinaryTreeSuite" tests="3" errors="0" failures="0" skipped="0" time="6.452" timestamp="2019-03-09T20:04:34">
                     <properties>
[...]
</properties>
                     <testcase classname="actorbintree.BinaryTreeSuite" name="proper inserts and lookups" time="0.039">
                                                 
                                               </testcase><testcase classname="actorbintree.BinaryTreeSuite" name="instruction example" time="0.022">
                                                 
                                               </testcase><testcase classname="actorbintree.BinaryTreeSuite" name="behave identically to built-in set (includes GC)" time="6.391">
                                                 
                                               </testcase>
                     <system-out><![CDATA[]]></system-out>
                     <system-err><![CDATA[]]></system-err>
                   </testsuite>